2020-04-30T09:58:38.504+05:30| vmx| I125: The process is 64-bit.
2020-04-30T09:58:38.504+05:30| vmx| I125: Host codepage=windows-1252 encoding=windows-1252
2020-04-30T09:58:38.504+05:30| vmx| I125: Host is Windows 10, 64-bit  (Build 18362)
2020-04-30T09:58:38.153+05:30| vmx| I125: VTHREAD initialize main thread 0 "vmx" host id 11828
2020-04-30T09:58:38.153+05:30| vmx| I125: LOCALE windows-1252 -> NULL User=4009 System=409
2020-04-30T09:58:38.153+05:30| vmx| I125: Msg_SetLocaleEx: HostLocale=windows-1252 UserLocale=NULL
2020-04-30T09:58:38.153+05:30| vmx| I125: FILE: FileCreateDirectoryRetry: Non-retriable error 
2020-04-30T09:58:38.153+05:30| vmx| I125: Msg_SetLocaleEx: HostLocale=windows-1252 UserLocale=NULL
2020-04-30T09:58:38.153+05:30| vmx| I125: FILE: FileCreateDirectoryRetry: Non-retriable error 
2020-04-30T09:58:38.153+05:30| vmx| I125: Msg_SetLocaleEx: HostLocale=windows-1252 UserLocale=NULL
2020-04-30T09:58:38.153+05:30| vmx| I125: FILE: FileCreateDirectoryRetry: Non-retriable error 
2020-04-30T09:58:38.153+05:30| vmx| I125: FILE: FileCreateDirectoryRetry: Non-retriable error 
2020-04-30T09:58:38.153+05:30| vmx| I125: Msg_SetLocaleEx: HostLocale=windows-1252 UserLocale=NULL
2020-04-30T09:58:38.153+05:30| vmx| I125: FILE: FileCreateDirectoryRetry: Non-retriable error
2020-04-30T09:58:38.153+05:30| vmx| I125: Msg_SetLocaleEx: HostLocale=windows-1252 UserLocale=NULL
2020-04-30T09:58:38.153+05:30| vmx| I125: FILE: FileCreateDirectoryRetry: Non-retriable error 
2020-04-30T09:58:38.153+05:30| vmx| I125: Msg_SetLocaleEx: HostLocale=windows-1252 UserLocale=NULL
2020-04-30T09:58:38.153+05:30| vmx| I125: FILE: FileCreateDirectoryRetry: Non-retriable error 
2020-04-30T09:58:38.153+05:30| vmx| I125: Msg_SetLocaleEx: HostLocale=windows-1252 UserLocale=NULL
2020-04-30T09:58:38.153+05:30| vmx| I125: FILE: FileCreateDirectoryRetry: Non-retriable error 
2020-04-30T09:58:38.153+05:30| vmx| I125: FILE: FileCreateDirectoryRetry: Non-retriable error 
2020-04-30T09:58:38.153+05:30| vmx| I125: Msg_SetLocaleEx: HostLocale=windows-1252 UserLocale=NULL
2020-04-30T09:58:38.153+05:30| vmx| I125: FILE: FileCreateDirectoryRetry: Non-retriable error
2020-04-30T09:58:38.153+05:30| vmx| I125: Msg_SetLocaleEx: HostLocale=windows-1252 UserLocale=NULL
2020-04-30T09:58:38.153+05:30| vmx| I125: FILE: FileCreateDirectoryRetry: Non-retriable error 
2020-04-30T09:58:38.153+05:30| vmx| I125: Msg_SetLocaleEx: HostLocale=windows-1252 UserLocale=NULL
2020-04-30T09:58:38.153+05:30| vmx| I125: FILE: FileCreateDirectoryRetry: Non-retriable error 
2020-04-30T09:58:38.153+05:30| vmx| I125: Msg_SetLocaleEx: HostLocale=windows-1252 UserLocale=NULL
2020-04-30T09:58:38.153+05:30| vmx| I125: FILE: FileCreateDirectoryRetry: Non-retriable error 
2020-04-30T09:58:38.153+05:30| vmx| I125: FILE: FileCreateDirectoryRetry: Non-retriable error 
2020-04-30T09:58:38.153+05:30| vmx| I125: Msg_SetLocaleEx: HostLocale=windows-1252 UserLocale=NULL
2020-04-30T09:58:38.153+05:30| vmx| I125: FILE: FileCreateDirectoryRetry: Non-retriable error 
2020-04-30T09:58:38.153+05:30| vmx| I125: FILE: FileCreateDirectoryRetry: Non-retriable error 
2020-04-30T09:58:38.153+05:30| vmx| I125: Msg_SetLocaleEx: HostLocale=windows-1252 UserLocale=NULL
2020-04-30T09:58:38.153+05:30| vmx| I125: FILE: FileCreateDirectoryRetry: Non-retriable error 

2020-04-30T09:58:38.153+05:30| vmx| I125: FILE: FileCreateDirectoryRetry: Non-retriable error 
2020-04-30T09:58:38.153+05:30| vmx| I125: Msg_SetLocaleEx: HostLocale=windows-1252 UserLocale=NULL
2020-04-30T09:58:38.153+05:30| vmx| I125: FILE: FileCreateDirectoryRetry: Non-retriable error 
2020-04-30T09:58:38.153+05:30| vmx| I125: FILE: FileCreateDirectoryRetry: Non-retriable error 
2020-04-30T09:58:38.153+05:30| vmx| I125: Msg_SetLocaleEx: HostLocale=windows-1252 UserLocale=NULL
2020-04-30T09:58:38.153+05:30| vmx| I125: FILE: FileCreateDirectoryRetry: Non-retriable error 

2020-04-30T09:58:38.153+05:30| vmx| I125: FILE: FileCreateDirectoryRetry: Non-retriable error 
2020-04-30T09:58:38.153+05:30| vmx| I125: Msg_SetLocaleEx: HostLocale=windows-1252 UserLocale=
2020-04-30T09:58:38.153+05:30| vmx| I125: FILE: FileCreateDirectoryRetry: Non-retriable error 
2020-04-30T09:58:38.153+05:30| vmx| I125: Msg_SetLocaleEx: HostLocale=windows-1252 UserLocale=NULL
2020-04-30T09:58:38.153+05:30| vmx| I125: FILE: FileCreateDirectoryRetry: Non-retriable error 
2020-04-30T09:58:38.153+05:30| vmx| I125: FILE: FileCreateDirectoryRetry: Non-retriable error 
2020-04-30T09:58:38.153+05:30| vmx| I125: Msg_SetLocaleEx: HostLocale=windows-1252 UserLocale=NULL
2020-04-30T09:58:38.153+05:30| vmx| I125: FILE: FileCreateDirectoryRetry: Non-retriable error 
2020-04-30T09:58:38.153+05:30| vmx| I125: FILE: FileCreateDirectoryRetry: Non-retriable error 
2020-04-30T09:58:38.153+05:30| vmx| I125: Msg_SetLocaleEx: HostLocale=windows-1252 UserLocale=NULL
2020-04-30T09:58:38.153+05:30| vmx| I125: FILE: FileCreateDirectoryRetry: Non-retriable error 
2020-04-30T09:58:38.153+05:30| vmx| I125: FILE: FileCreateDirectoryRetry: Non-retriable error 
2020-04-30T09:58:38.153+05:30| vmx| I125: Msg_SetLocaleEx: HostLocale=windows-1252 UserLocale=NULL
2020-04-30T09:58:38.153+05:30| vmx| I125: FILE: FileCreateDirectoryRetry: Non-retriable error 
2020-04-30T09:58:38.153+05:30| vmx| I125: FILE: FileCreateDirectoryRetry: Non-retriable error 
2020-04-30T09:58:38.153+05:30| vmx| I125: Msg_SetLocaleEx: HostLocale=windows-1252 UserLocale=NULL
2020-04-30T09:58:38.153+05:30| vmx| I125: FILE: FileCreateDirectoryRetry: Non-retriable error 
2020-04-30T09:58:38.153+05:30| vmx| I125: Msg_SetLocaleEx: HostLocale=windows-1252 UserLocale=NULL
2020-04-30T09:58:38.153+05:30| vmx| I125: FILE: FileCreateDirectoryRetry: Non-retriable error 
2020-04-30T09:58:38.153+05:30| vmx| I125: FILE: FileCreateDirectoryRetry: Non-retriable error 
2020-04-30T09:58:38.153+05:30| vmx| I125: Msg_SetLocaleEx: HostLocale=windows-1252 UserLocale=NULL
2020-04-30T09:58:38.153+05:30| vmx| I125: FILE: FileCreateDirectoryRetry: Non-retriable error 
2020-04-30T09:58:38.153+05:30| vmx| I125: Msg_SetLocaleEx: HostLocale=windows-1252 UserLocale=NULL
2020-04-30T09:58:38.153+05:30| vmx| I125: FILE: FileCreateDirectoryRetry: Non-retriable error 
2020-04-30T09:58:38.153+05:30| vmx| I125: FILE: FileCreateDirectoryRetry: Non-retriable error 
2020-04-30T09:58:38.153+05:30| vmx| I125: Msg_SetLocaleEx: HostLocale=windows-1252 UserLocale=NULL
2020-04-30T09:58:38.153+05:30| vmx| I125: FILE: FileCreateDirectoryRetry: Non-retriable error 
2020-04-30T09:58:38.153+05:30| vmx| I125: Msg_SetLocaleEx: HostLocale=windows-1252 UserLocale=NULL
2020-04-30T09:58:38.153+05:30| vmx| I125: FILE: FileCreateDirectoryRetry: Non-retriable error 
2020-04-30T09:58:38.153+05:30| vmx| I125: FILE: FileCreateDirectoryRetry: Non-retriable error 
2020-04-30T09:58:38.153+05:30| vmx| I125: Msg_SetLocaleEx: HostLocale=windows-1252 UserLocale=NULL
2020-04-30T09:58:38.153+05:30| vmx| I125: FILE: FileCreateDirectoryRetry: Non-retriable error 
2020-04-30T09:58:38.153+05:30| vmx| I125: Msg_SetLocaleEx: HostLocale=windows-1252 UserLocale=NULL
2020-04-30T09:58:38.153+05:30| vmx| I125: FILE: FileCreateDirectoryRetry: Non-retriable error 
2020-04-30T09:58:38.153+05:30| vmx| I125: FILE: FileCreateDirectoryRetry: Non-retriable error 
2020-04-30T09:58:38.153+05:30| vmx| I125: Msg_SetLocaleEx: HostLocale=windows-1252 UserLocale=NULL
2020-04-30T09:58:38.153+05:30| vmx| I125: FILE: FileCreateDirectoryRetry: Non-retriable error 
2020-04-30T09:58:38.153+05:30| vmx| I125: Msg_SetLocaleEx: HostLocale=windows-1252 UserLocale=NULL
2020-04-30T09:58:38.153+05:30| vmx| I125: FILE: FileCreateDirectoryRetry: Non-retriable error 
2020-04-30T09:58:38.153+05:30| vmx| I125: FILE: FileCreateDirectoryRetry: Non-retriable error 
2020-04-30T09:58:38.153+05:30| vmx| I125: Msg_SetLocaleEx: HostLocale=windows-1252 UserLocale=NULL
2020-04-30T09:58:38.153+05:30| vmx| I125: FILE: FileCreateDirectoryRetry: Non-retriable error 
2020-04-30T09:58:38.153+05:30| vmx| I125: Msg_SetLocaleEx: HostLocale=windows-1252 UserLocale=NULL
2020-04-30T09:58:38.153+05:30| vmx| I125: FILE: FileCreateDirectoryRetry: Non-retriable error 
2020-04-30T09:58:38.153+05:30| vmx| I125: FILE: FileCreateDirectoryRetry: Non-retriable error 
2020-04-30T09:58:38.153+05:30| vmx| I125: Msg_SetLocaleEx: HostLocale=windows-1252 UserLocale=NULL
2020-04-30T09:58:38.153+05:30| vmx| I125: FILE: FileCreateDirectoryRetry: Non-retriable error 

2020-04-30T09:58:38.153+05:30| vmx| I125: FILE: FileCreateDirectoryRetry: Non-retriable error 
2020-04-30T09:58:38.153+05:30| vmx| I125: FILE: FileCreateDirectoryRetry: Non-retriable error 
2020-04-30T09:58:38.153+05:30| vmx| I125: Msg_SetLocaleEx: HostLocale=windows-1252 UserLocale=NULL
2020-04-30T09:58:38.153+05:30| vmx| I125: FILE: FileCreateDirectoryRetry: Non-retriable error 
